Sencha Cmd 6.2.1.29 - Crash report
================================================
An error occurred while executing the following command: build app native

Diagnostic information:
=======================
                         app.archivePath : archive                                           
                      app.bootstrap.base : /Users/vasiltsigov/Code/contacts                  
                           app.build.dir : /Users/vasiltsigov/Code/contacts/build/Contacts   
                        app.cache.deltas : deltas                                            
                        app.cache.enable : true                                              
                           app.classpath : /Users/vasiltsigov/Code/contacts/app.js,/Users/vasiltsigov/Code/contacts/app
                         app.cmd.version : 6.2.1.29                                          
                          app.config.dir : /Users/vasiltsigov/Code/contacts/.sencha/app      
                   app.cordova.config.id : com.domain.Contacts                               
                 app.cordova.config.name : Contacts                                          
                 app.cordova.config.path : /Users/vasiltsigov/Code/contacts/cordova          
               app.cordova.config.target :                                                   
              app.cordova.config.verbose : false                                             
                   app.cordova.js.0.path : cordova.js                                        
               app.cordova.js.0.priority : 1000                                              
                 app.cordova.js.0.remote : true                                              
                   app.cordova.js.length : 1                                                 
                 app.cordova.microloader : /Users/vasiltsigov/Code/contacts/.sencha/app/microloader/testing.js
                 app.cordova.output.base : /Users/vasiltsigov/Code/contacts/cordova/www      
         app.cordova.output.cache.enable : false                                             
        app.cordova.output.deltas.enable : false                                             
       app.cordova.output.manifest.embed : true                                              
                                 app.dir : /Users/vasiltsigov/Code/contacts                  
                           app.framework : touch                                             
                   app.framework.version : 2.4.2.571                                         
                                  app.id : daf0b0bd-fece-4f0c-8364-2135d108b21b              
                       app.indexHtmlPath : index.html                                        
                                app.name : Contacts                                          
                         app.output.base : /Users/vasiltsigov/Code/contacts/build/${build.environment}/Contacts
           app.output.microloader.enable : true                                              
                  app.phonegap.config.id : com.domain.Contacts                               
                app.phonegap.config.name : Contacts                                          
                app.phonegap.config.path : /Users/vasiltsigov/Code/contacts/phonegap         
              app.phonegap.config.remote : false                                             
             app.phonegap.config.verbose : false                                             
                  app.phonegap.js.0.path : phonegap.js                                       
              app.phonegap.js.0.priority : 1000                                              
                app.phonegap.js.0.remote : true                                              
                  app.phonegap.js.length : 1                                                 
                app.phonegap.microloader : /Users/vasiltsigov/Code/contacts/.sencha/app/microloader/testing.js
                app.phonegap.output.base : /Users/vasiltsigov/Code/contacts/phonegap/www     
        app.phonegap.output.cache.enable : false                                             
       app.phonegap.output.deltas.enable : false                                             
      app.phonegap.output.manifest.embed : true                                              
                      app.resource.paths :                                                   
        app.slicer.js.0.isWidgetManifest : true                                              
                    app.slicer.js.0.path : /Users/vasiltsigov/Code/contacts/sass/example/custom.js
                    app.slicer.js.length : 1                                                 
                    buildenvironment.dir : /Users/vasiltsigov/Code/contacts                  
               buildenvironment.load.dir : /Users/vasiltsigov/Code/contacts                  
                      cmd.architect.mode : true                                              
                          cmd.config.dir : /Users/vasiltsigov/bin/Sencha/Cmd/6.2.1.29        
                                 cmd.dir : /Users/vasiltsigov/bin/Sencha/Cmd/6.2.1.29        
                    cmd.framework.minver : 2.2.0                                             
                   cmd.framework.version : 2.99.99.99999                                     
                            cmd.jvm.args : -Xms128m -Xmx1024m -Dapple.awt.UIElement=true     
              cmd.merge.tool.args.araxis : -wait -merge -3 -a1 {base} {user} {generated} {out}
              cmd.merge.tool.args.kdiff3 : {base} {user} {generated} -o {out}                
             cmd.merge.tool.args.p4merge : {base} {user} {generated} {out}                   
           cmd.merge.tool.args.smartsync : {user} {generated} {base}                         
          cmd.merge.tool.args.sourcegear : --merge --result={out} {user} {base} {generated}  
            cmd.merge.tool.args.tortoise : -base:{base} -theirs:{generated} -mine:{user} -merged:{out}
                              cmd.minver : 3.0.0.0                                           
                            cmd.platform : osx                                               
                     cmd.unicode.escapes : /Users/vasiltsigov/bin/Sencha/Cmd/6.2.1.29/unicode-escapes.json
                             cmd.version : 6.2.1.29                                          
                            cmd.web.port : 1841                                              
                     config.skipDownload : true                                              
                      config.skipInherit : false                                             
                     framework.classpath : /Users/vasiltsigov/Code/contacts/touch/src        
                    framework.cmd.minver : 3.1.0.53                                          
                   framework.cmd.version : 4.0.5.87                                          
                    framework.config.dir : /Users/vasiltsigov/bin/Sencha/Cmd/6.2.1.29/plugins/touch/2.3
                           framework.dir : /Users/vasiltsigov/Code/contacts/touch            
                       framework.ignores : src/locale,src/platform,auth2/Auth.js,scroller/Infinite.js
                          framework.name : touch                                             
                  framework.packages.dir : /Users/vasiltsigov/Code/contacts/touch/packages   
             framework.preprocessor.opts : charts:no                                         
                       framework.version : 2.4.2.571                                         
                       inspector.address : http://localhost:1839/                            
                          repo.local.dir : /Users/vasiltsigov/bin/Sencha/Cmd/repo            
        system.java.net.useSystemProxies : true                                              
                     workspace.build.dir : /Users/vasiltsigov/Code/contacts/build            
                   workspace.cmd.version : 6.2.1.29                                          
                    workspace.config.dir : /Users/vasiltsigov/Code/contacts/.sencha/workspace
                           workspace.dir : /Users/vasiltsigov/Code/contacts                  
         workspace.frameworks.touch.path : /Users/vasiltsigov/Code/contacts/touch            
      workspace.frameworks.touch.version : 2.4.2.571                                         
                  workspace.packages.dir : /Users/vasiltsigov/Code/contacts/packages/local,/Users/vasiltsigov/Code/contacts/packages
              workspace.packages.extract : /Users/vasiltsigov/Code/contacts/packages/remote  
                     workspace.theme.dir : /Users/vasiltsigov/Code/contacts/packages/local,/Users/vasiltsigov/Code/contacts/packages/${args.themeName}

Exception information:
=======================
java.lang.NullPointerException
     at java.io.File.<init>(File.java:277)
     at com.sencha.util.FileUtil.readFile(FileUtil.java:158)
     at com.sencha.tools.compiler.jsb.projects.JsbBuilder.processBuild(JsbBuilder.java:29)
     at com.sencha.command.build.JsbCommand.execute(JsbCommand.java:15)
     at sun.reflect.NativeMethodAccessorImpl.invoke0(Native Method)
     at sun.reflect.NativeMethodAccessorImpl.invoke(NativeMethodAccessorImpl.java:62)
     at sun.reflect.DelegatingMethodAccessorImpl.invoke(DelegatingMethodAccessorImpl.java:43)
     at java.lang.reflect.Method.invoke(Method.java:497)
     at com.sencha.util.MethodInvoker$Arguments.invoke(MethodInvoker.java:175)
     at com.sencha.cli.Command.dispatch(Command.java:43)
     at com.sencha.cli.Commands.dispatch(Commands.java:64)
     at com.sencha.command.Sencha.dispatch(Sencha.java:79)
     at com.sencha.command.Sencha.main(Sencha.java:147)
     at sun.reflect.NativeMethodAccessorImpl.invoke0(Native Method)
     at sun.reflect.NativeMethodAccessorImpl.invoke(NativeMethodAccessorImpl.java:62)
     at sun.reflect.DelegatingMethodAccessorImpl.invoke(DelegatingMethodAccessorImpl.java:43)
     at java.lang.reflect.Method.invoke(Method.java:497)
     at com.exe4j.runtime.LauncherEngine.launch(LauncherEngine.java:65)
     at com.install4j.runtime.launcher.UnixLauncher.main(UnixLauncher.java:57)

